<?xml version="1.0" encoding="UTF-8"?>
<!-- Generated by org.testng.reporters.JUnitXMLReporter -->
<testsuite hostname="BTG714876" ignored="0" name="Test" tests="1" failures="1" timestamp="16 Aug 2019 07:27:26 GMT" time="2.201" errors="0">
  <testcase name="login" time="0.072" classname="tests.SampleScenario">
    <failure type="java.lang.NullPointerException">
      <![CDATA[java.lang.NullPointerException
at tests.SampleScenario.login(SampleScenario.java:24)
... Removed 25 stack frames]]>
    </failure>
  </testcase> <!-- login -->
</testsuite> <!-- Test -->
