<?xml version="1.0" encoding="UTF-8"?>
<testng-results skipped="0" failed="0" ignored="0" total="1" passed="1">
  <reporter-output>
  </reporter-output>
  <suite name="Suite" duration-ms="33" started-at="2019-08-15T06:05:04Z" finished-at="2019-08-15T06:05:04Z">
    <groups>
    </groups>
    <test name="Test" duration-ms="33" started-at="2019-08-15T06:05:04Z" finished-at="2019-08-15T06:05:04Z">
      <class name="tests.SampleScenario">
        <test-method status="PASS" signature="login()[pri:0, instance:tests.SampleScenario@7f560810]" name="login" duration-ms="6" started-at="2019-08-15T06:05:04Z" finished-at="2019-08-15T06:05:04Z">
          <reporter-output>
          </reporter-output>
        </test-method> <!-- login -->
      </class> <!-- tests.SampleScenario -->
    </test> <!-- Test -->
  </suite> <!-- Suite -->
</testng-results>
