<?xml version="1.0" encoding="UTF-8"?>
<testng-results skipped="0" failed="0" ignored="0" total="1" passed="1">
  <reporter-output>
  </reporter-output>
  <suite name="Default suite" duration-ms="177945" started-at="2019-08-16T07:31:53Z" finished-at="2019-08-16T07:34:51Z">
    <groups>
    </groups>
    <test name="Default test" duration-ms="177945" started-at="2019-08-16T07:31:53Z" finished-at="2019-08-16T07:34:51Z">
      <class name="tests.SampleScenario">
        <test-method status="PASS" signature="beforeTestRun(org.testng.ITestContext)[pri:0, instance:tests.SampleScenario@6356695f]" name="beforeTestRun" is-config="true" duration-ms="149744" started-at="2019-08-16T07:31:53Z" finished-at="2019-08-16T07:34:23Z">
          <params>
            <param index="0">
              <value>
                <![CDATA[org.testng.TestRunner@48ea2003]]>
              </value>
            </param>
          </params>
          <reporter-output>
          </reporter-output>
        </test-method> <!-- beforeTestRun -->
        <test-method status="PASS" signature="login()[pri:0, instance:tests.SampleScenario@6356695f]" name="login" duration-ms="27436" started-at="2019-08-16T07:34:23Z" finished-at="2019-08-16T07:34:51Z">
          <reporter-output>
          </reporter-output>
        </test-method> <!-- login -->
        <test-method status="PASS" signature="afterTestRun()[pri:0, instance:tests.SampleScenario@6356695f]" name="afterTestRun" is-config="true" duration-ms="677" started-at="2019-08-16T07:34:51Z" finished-at="2019-08-16T07:34:51Z">
          <reporter-output>
          </reporter-output>
        </test-method> <!-- afterTestRun -->
      </class> <!-- tests.SampleScenario -->
    </test> <!-- Default test -->
  </suite> <!-- Default suite -->
</testng-results>
